<?xml version="1.0" encoding="UTF-8"?>
<!-- Generated by org.testng.reporters.JUnitReportReporter -->
<testsuite hostname="HU00201055" failures="0" tests="2" name="automationFramework.NewUserTestNG" time="5.116" errors="0" timestamp="27 Dec 2017 21:48:10 GMT" skipped="0">
  <testcase classname="automationFramework.NewUserTestNG" name="testCase1" time="2.448"/>
  <testcase classname="automationFramework.NewUserTestNG" name="testCase2" time="2.668"/>
</testsuite> <!-- automationFramework.NewUserTestNG -->
