<?xml version="1.0" encoding="UTF-8"?>
<!-- Generated by org.testng.reporters.JUnitReportReporter -->
<testsuite hostname="HU00201055" failures="0" tests="13" name="automationFramework.NewUserTestNG" time="25.488" errors="0" timestamp="21 Dec 2017 18:17:00 GMT" skipped="0">
  <testcase classname="automationFramework.NewUserTestNG" name="testCase2" time="1.751"/>
  <testcase classname="automationFramework.NewUserTestNG" name="testCase4" time="1.495"/>
  <testcase classname="automationFramework.NewUserTestNG" name="testCase5" time="2.239"/>
  <testcase classname="automationFramework.NewUserTestNG" name="testCase11" time="1.330"/>
  <testcase classname="automationFramework.NewUserTestNG" name="testCase7" time="4.070"/>
  <testcase classname="automationFramework.NewUserTestNG" name="testCase10" time="1.955"/>
  <testcase classname="automationFramework.NewUserTestNG" name="testCase12" time="1.774"/>
  <testcase classname="automationFramework.NewUserTestNG" name="testCase8" time="1.596"/>
  <testcase classname="automationFramework.NewUserTestNG" name="testCase6" time="2.712"/>
  <testcase classname="automationFramework.NewUserTestNG" name="testCase13" time="1.795"/>
  <testcase classname="automationFramework.NewUserTestNG" name="testCase3" time="1.808"/>
  <testcase classname="automationFramework.NewUserTestNG" name="testCase1" time="1.578"/>
  <testcase classname="automationFramework.NewUserTestNG" name="testCase9" time="1.385"/>
</testsuite> <!-- automationFramework.NewUserTestNG -->
