<?xml version="1.0" encoding="UTF-8"?>
<!-- Generated by org.testng.reporters.JUnitReportReporter -->
<testsuite hostname="HU00201055" failures="0" tests="1" name="automationFramework.NewUserTestNG" time="9.676" errors="0" timestamp="20 Dec 2017 14:26:51 GMT" skipped="0">
  <testcase classname="automationFramework.NewUserTestNG" name="f" time="9.676"/>
</testsuite> <!-- automationFramework.NewUserTestNG -->
